<?xml version="1.0" encoding="UTF-8"?>
<testsuite name="SayTest" tests="15" skipped="0" failures="0" errors="0" timestamp="2023-03-20T22:48:00" hostname="LAPTOP3673" time="0.086">
  <properties/>
  <testcase name="twenty" classname="SayTest" time="0.073"/>
  <testcase name="nineHundredEightySevenBillionSixHundredFiftyFourThreeHundredTwentyOneThousandOneHundredTwentyThree" classname="SayTest" time="0.011"/>
  <testcase name="oneBillion" classname="SayTest" time="0.0"/>
  <testcase name="one" classname="SayTest" time="0.0"/>
  <testcase name="zero" classname="SayTest" time="0.0"/>
  <testcase name="oneMillionTwoThousandThreeHundredFortyFive" classname="SayTest" time="0.0"/>
  <testcase name="twentyTwo" classname="SayTest" time="0.001"/>
  <testcase name="fourteen" classname="SayTest" time="0.0"/>
  <testcase name="oneMillion" classname="SayTest" time="0.0"/>
  <testcase name="illegalNegativeNumber" classname="SayTest" time="0.0"/>
  <testcase name="oneHundred" classname="SayTest" time="0.0"/>
  <testcase name="illegalTooBigNumber" classname="SayTest" time="0.001"/>
  <testcase name="oneHundredTwentyThree" classname="SayTest" time="0.0"/>
  <testcase name="oneThousand" classname="SayTest" time="0.0"/>
  <testcase name="oneThousandTwoHundredThirtyFour" classname="SayTest" time="0.0"/>
  <system-out><![CDATA[]]></system-out>
  <system-err><![CDATA[]]></system-err>
</testsuite>
